# JRE version: OpenJDK Runtime Environment (8.0_152-b01) (build 1.8.0_152-release-1024-b01)
# Java VM: OpenJDK 64-Bit Server VM (25.152-b01 mixed mode linux-amd64 compressed oops)
Heap:
 PSYoungGen      total 339456K, used 12109K [0x00000000e0000000, 0x00000000f7080000, 0x0000000100000000)
  eden space 306688K, 0% used [0x00000000e0000000,0x00000000e0000000,0x00000000f2b80000)
  from space 32768K, 36% used [0x00000000f2b80000,0x00000000f3753600,0x00000000f4b80000)
  to   space 23552K, 0% used [0x00000000f4b80000,0x00000000f4b80000,0x00000000f6280000)
 ParOldGen       total 91136K, used 90513K [0x00000000a0000000, 0x00000000a5900000, 0x00000000e0000000)
  object space 91136K, 99% used [0x00000000a0000000,0x00000000a5864500,0x00000000a5900000)
 Metaspace       used 79752K, capacity 82888K, committed 83072K, reserved 1122304K
  class space    used 10311K, capacity 11079K, committed 11136K, reserved 1048576K
GC Heap History (10 events):
Event: 14,069 GC heap after
Heap after GC invocations=13 (full 2):
 PSYoungGen      total 216576K, used 5196K [0x00000000e0000000, 0x00000000f2b80000, 0x0000000100000000)
  eden space 194048K, 0% used [0x00000000e0000000,0x00000000e0000000,0x00000000ebd80000)
  from space 22528K, 23% used [0x00000000ebd80000,0x00000000ec293218,0x00000000ed380000)
  to   space 22016K, 0% used [0x00000000f1600000,0x00000000f1600000,0x00000000f2b80000)
 ParOldGen       total 58368K, used 37559K [0x00000000a0000000, 0x00000000a3900000, 0x00000000e0000000)
  object space 58368K, 64% used [0x00000000a0000000,0x00000000a24add88,0x00000000a3900000)
 Metaspace       used 57102K, capacity 58866K, committed 59008K, reserved 1099776K
  class space    used 7770K, capacity 8212K, committed 8320K, reserved 1048576K
}
Event: 14,069 GC heap before
{Heap before GC invocations=14 (full 3):
 PSYoungGen      total 216576K, used 5196K [0x00000000e0000000, 0x00000000f2b80000, 0x0000000100000000)
  eden space 194048K, 0% used [0x00000000e0000000,0x00000000e0000000,0x00000000ebd80000)
  from space 22528K, 23% used [0x00000000ebd80000,0x00000000ec293218,0x00000000ed380000)
  to   space 22016K, 0% used [0x00000000f1600000,0x00000000f1600000,0x00000000f2b80000)
 ParOldGen       total 58368K, used 37559K [0x00000000a0000000, 0x00000000a3900000, 0x00000000e0000000)
  object space 58368K, 64% used [0x00000000a0000000,0x00000000a24add88,0x00000000a3900000)
 Metaspace       used 57102K, capacity 58866K, committed 59008K, reserved 1099776K
  class space    used 7770K, capacity 8212K, committed 8320K, reserved 1048576K
Event: 14,443 GC heap after
Heap after GC invocations=14 (full 3):
 PSYoungGen      total 216576K, used 0K [0x00000000e0000000, 0x00000000f2b80000, 0x0000000100000000)
  eden space 194048K, 0% used [0x00000000e0000000,0x00000000e0000000,0x00000000ebd80000)
  from space 22528K, 0% used [0x00000000ebd80000,0x00000000ebd80000,0x00000000ed380000)
  to   space 22016K, 0% used [0x00000000f1600000,0x00000000f1600000,0x00000000f2b80000)
 ParOldGen       total 90112K, used 35406K [0x00000000a0000000, 0x00000000a5800000, 0x00000000e0000000)
  object space 90112K, 39% used [0x00000000a0000000,0x00000000a22938b0,0x00000000a5800000)
 Metaspace       used 57102K, capacity 58866K, committed 59008K, reserved 1099776K
  class space    used 7770K, capacity 8212K, committed 8320K, reserved 1048576K
}
Event: 19,544 GC heap before
{Heap before GC invocations=15 (full 3):
 PSYoungGen      total 216576K, used 194048K [0x00000000e0000000, 0x00000000f2b80000, 0x0000000100000000)
  eden space 194048K, 100% used [0x00000000e0000000,0x00000000ebd80000,0x00000000ebd80000)
  from space 22528K, 0% used [0x00000000ebd80000,0x00000000ebd80000,0x00000000ed380000)
  to   space 22016K, 0% used [0x00000000f1600000,0x00000000f1600000,0x00000000f2b80000)
 ParOldGen       total 90112K, used 35406K [0x00000000a0000000, 0x00000000a5800000, 0x00000000e0000000)
  object space 90112K, 39% used [0x00000000a0000000,0x00000000a22938b0,0x00000000a5800000)
 Metaspace       used 63312K, capacity 65290K, committed 65536K, reserved 1105920K
  class space    used 8584K, capacity 9114K, committed 9216K, reserved 1048576K
Event: 19,647 GC heap after
Heap after GC invocations=15 (full 3):
 PSYoungGen      total 271872K, used 19917K [0x00000000e0000000, 0x00000000f2980000, 0x0000000100000000)
  eden space 251904K, 0% used [0x00000000e0000000,0x00000000e0000000,0x00000000ef600000)
  from space 19968K, 99% used [0x00000000f1600000,0x00000000f29736d0,0x00000000f2980000)
  to   space 24576K, 0% used [0x00000000ef980000,0x00000000ef980000,0x00000000f1180000)
 ParOldGen       total 90112K, used 35414K [0x00000000a0000000, 0x00000000a5800000, 0x00000000e0000000)
  object space 90112K, 39% used [0x00000000a0000000,0x00000000a22958b0,0x00000000a5800000)
 Metaspace       used 63312K, capacity 65290K, committed 65536K, reserved 1105920K
  class space    used 8584K, capacity 9114K, committed 9216K, reserved 1048576K
}
Event: 1228,313 GC heap before
{Heap before GC invocations=16 (full 3):
 PSYoungGen      total 271872K, used 271821K [0x00000000e0000000, 0x00000000f2980000, 0x0000000100000000)
  eden space 251904K, 100% used [0x00000000e0000000,0x00000000ef600000,0x00000000ef600000)
  from space 19968K, 99% used [0x00000000f1600000,0x00000000f29736d0,0x00000000f2980000)
  to   space 24576K, 0% used [0x00000000ef980000,0x00000000ef980000,0x00000000f1180000)
 ParOldGen       total 90112K, used 35414K [0x00000000a0000000, 0x00000000a5800000, 0x00000000e0000000)
  object space 90112K, 39% used [0x00000000a0000000,0x00000000a22958b0,0x00000000a5800000)
 Metaspace       used 70422K, capacity 73096K, committed 73216K, reserved 1112064K
  class space    used 9270K, capacity 9953K, committed 9984K, reserved 1048576K
Event: 1228,380 GC heap after
Heap after GC invocations=16 (full 3):
 PSYoungGen      total 280064K, used 9542K [0x00000000e0000000, 0x00000000f6280000, 0x0000000100000000)
  eden space 255488K, 0% used [0x00000000e0000000,0x00000000e0000000,0x00000000ef980000)
  from space 24576K, 38% used [0x00000000ef980000,0x00000000f02d1830,0x00000000f1180000)
  to   space 23552K, 0% used [0x00000000f4b80000,0x00000000f4b80000,0x00000000f6280000)
 ParOldGen       total 90112K, used 51890K [0x00000000a0000000, 0x00000000a5800000, 0x00000000e0000000)
  object space 90112K, 57% used [0x00000000a0000000,0x00000000a32acb40,0x00000000a5800000)
 Metaspace       used 70422K, capacity 73096K, committed 73216K, reserved 1112064K
  class space    used 9270K, capacity 9953K, committed 9984K, reserved 1048576K
}
Event: 1262,781 GC heap before
{Heap before GC invocations=17 (full 3):
 PSYoungGen      total 280064K, used 265030K [0x00000000e0000000, 0x00000000f6280000, 0x0000000100000000)
  eden space 255488K, 100% used [0x00000000e0000000,0x00000000ef980000,0x00000000ef980000)
  from space 24576K, 38% used [0x00000000ef980000,0x00000000f02d1830,0x00000000f1180000)
  to   space 23552K, 0% used [0x00000000f4b80000,0x00000000f4b80000,0x00000000f6280000)
 ParOldGen       total 90112K, used 51890K [0x00000000a0000000, 0x00000000a5800000, 0x00000000e0000000)
  object space 90112K, 57% used [0x00000000a0000000,0x00000000a32acb40,0x00000000a5800000)
 Metaspace       used 77233K, capacity 80192K, committed 80512K, reserved 1118208K
  class space    used 10052K, capacity 10783K, committed 10880K, reserved 1048576K
Event: 1262,952 GC heap after
Heap after GC invocations=17 (full 3):
 PSYoungGen      total 330240K, used 23538K [0x00000000e0000000, 0x00000000f7080000, 0x0000000100000000)
  eden space 306688K, 0% used [0x00000000e0000000,0x00000000e0000000,0x00000000f2b80000)
  from space 23552K, 99% used [0x00000000f4b80000,0x00000000f627c960,0x00000000f6280000)
  to   space 32768K, 0% used [0x00000000f2b80000,0x00000000f2b80000,0x00000000f4b80000)
 ParOldGen       total 90112K, used 67914K [0x00000000a0000000, 0x00000000a5800000, 0x00000000e0000000)
  object space 90112K, 75% used [0x00000000a0000000,0x00000000a4252a00,0x00000000a5800000)
 Metaspace       used 77233K, capacity 80192K, committed 80512K, reserved 1118208K
  class space    used 10052K, capacity 10783K, committed 10880K, reserved 1048576K
}
Event: 1266,627 GC heap before
{Heap before GC invocations=18 (full 3):
 PSYoungGen      total 330240K, used 329799K [0x00000000e0000000, 0x00000000f7080000, 0x0000000100000000)
  eden space 306688K, 99% used [0x00000000e0000000,0x00000000f2b152d8,0x00000000f2b80000)
  from space 23552K, 99% used [0x00000000f4b80000,0x00000000f627c960,0x00000000f6280000)
  to   space 32768K, 0% used [0x00000000f2b80000,0x00000000f2b80000,0x00000000f4b80000)
 ParOldGen       total 90112K, used 67914K [0x00000000a0000000, 0x00000000a5800000, 0x00000000e0000000)
  object space 90112K, 75% used [0x00000000a0000000,0x00000000a4252a00,0x00000000a5800000)
 Metaspace       used 79752K, capacity 82888K, committed 83072K, reserved 1122304K
  class space    used 10311K, capacity 11079K, committed 11136K, reserved 1048576K

